nvcc warning : The 'compute_20', 'sm_20', and 'sm_21' architectures are deprecated, and may be removed in a future release (Use -Wno-deprecated-gpu-targets to suppress warning).
w 0.526944
e 0.058592
w 0.594880
real	0m2.942s
user	0m0.015s
sys	0m1.370s
w 0.674240
e 0.056864
w 0.795744
real	0m2.756s
user	0m0.018s
sys	0m1.160s
w 0.525856
e 0.044512
w 0.597696
real	0m2.696s
user	0m0.013s
sys	0m1.284s
w 0.711072
e 0.056896
w 0.841408
real	0m2.756s
user	0m0.022s
sys	0m1.244s
w 0.538048
e 0.043648
w 0.629984
real	0m2.745s
user	0m0.016s
sys	0m1.205s
w 0.555904
e 0.043968
w 0.592352
real	0m2.969s
user	0m0.012s
sys	0m1.176s
w 0.531584
e 0.043904
w 0.576576
real	0m2.947s
user	0m0.012s
sys	0m1.150s
# 16
# 32
# 64
# 128
# 256
# 512
# 1024
